#-----------------------------------------------------------
# xsim v2023.2 (64-bit)
# SW Build 4029153 on Fri Oct 13 20:14:34 MDT 2023
# IP Build 4028589 on Sat Oct 14 00:45:43 MDT 2023
# SharedData Build 4025554 on Tue Oct 10 17:18:54 MDT 2023
# Start of session at: Sun Feb 23 15:06:30 2025
# Process ID: 70248
# Current directory: C:/Users/carib/OneDrive/Desktop/CST456/LAB4/SIM
# Command line: xsim.exe -mode tcl -source {xsim.dir/duv_tb_snapshot/xsim_script.tcl}
# Log file: C:/Users/carib/OneDrive/Desktop/CST456/LAB4/SIM/xsim.log
# Journal file: C:/Users/carib/OneDrive/Desktop/CST456/LAB4/SIM\xsim.jou
# Running On: Matt_Dell_Taco, OS: Windows, CPU Frequency: 3072 MHz, CPU Physical cores: 16, Host memory: 33777 MB
#-----------------------------------------------------------
source xsim.dir/duv_tb_snapshot/xsim_script.tcl
# xsim {duv_tb_snapshot} -autoloadwcfg -tclbatch {xsim_cfg.tcl}
Time resolution is 1 ps
source xsim_cfg.tcl
## log_wave -recursive *
WARNING: [Simtcl 6-197] One or more HDL objects could not be logged because of object type or size limitations.  To see details please rerun the command with -verbose (-v).
## run all
$finish called at time : 300 ns : File "C:/Users/carib/OneDrive/Desktop/CST456/LAB4/SRC/tb.sv" Line 66
## exit
INFO: [Common 17-206] Exiting xsim at Sun Feb 23 15:06:32 2025...
