Analysis & Elaboration report for HW3_1
Fri Oct 28 17:08:48 2022
Quartus Prime Version 17.0.0 Build 595 04/25/2017 SJ Lite Edition


---------------------
; Table of Contents ;
---------------------
  1. Legal Notice
  2. Analysis & Elaboration Summary
  3. Parallel Compilation
  4. Analysis & Elaboration Settings
  5. Analysis & Elaboration Messages



----------------
; Legal Notice ;
----------------
Copyright (C) 2017  Intel Corporation. All rights reserved.
Your use of Intel Corporation's design tools, logic functions 
and other software and tools, and its AMPP partner logic 
functions, and any output files from any of the foregoing 
(including device programming or simulation files), and any 
associated documentation or information are expressly subject 
to the terms and conditions of the Intel Program License 
Subscription Agreement, the Intel Quartus Prime License Agreement,
the Intel MegaCore Function License Agreement, or other 
applicable license agreement, including, without limitation, 
that your use is for the sole purpose of programming logic 
devices manufactured by Intel and sold by Intel or its 
authorized distributors.  Please refer to the applicable 
agreement for further details.



+----------------------------------------------------------------------------------+
; Analysis & Elaboration Summary                                                   ;
+------------------------------------+---------------------------------------------+
; Analysis & Elaboration Status      ; Successful - Fri Oct 28 17:08:48 2022       ;
; Quartus Prime Version              ; 17.0.0 Build 595 04/25/2017 SJ Lite Edition ;
; Revision Name                      ; HW3_1                                       ;
; Top-level Entity Name              ; ALU                                         ;
; Family                             ; MAX 10                                      ;
; Total logic elements               ; N/A until Partition Merge                   ;
;     Total combinational functions  ; N/A until Partition Merge                   ;
;     Dedicated logic registers      ; N/A until Partition Merge                   ;
; Total registers                    ; N/A until Partition Merge                   ;
; Total pins                         ; N/A until Partition Merge                   ;
; Total virtual pins                 ; N/A until Partition Merge                   ;
; Total memory bits                  ; N/A until Partition Merge                   ;
; Embedded Multiplier 9-bit elements ; N/A until Partition Merge                   ;
; Total PLLs                         ; N/A until Partition Merge                   ;
; UFM blocks                         ; N/A until Partition Merge                   ;
; ADC blocks                         ; N/A until Partition Merge                   ;
+------------------------------------+---------------------------------------------+


+------------------------------------------+
; Parallel Compilation                     ;
+----------------------------+-------------+
; Processors                 ; Number      ;
+----------------------------+-------------+
; Number detected on machine ; 4           ;
; Maximum allowed            ; 2           ;
;                            ;             ;
; Average used               ; 1.00        ;
; Maximum used               ; 1           ;
;                            ;             ;
; Usage by Processor         ; % Time Used ;
;     Processor 1            ; 100.0%      ;
+----------------------------+-------------+


+----------------------------------------------------------------------------------------------------------------------+
; Analysis & Elaboration Settings                                                                                      ;
+----------------------------------------------------------------------------+--------------------+--------------------+
; Option                                                                     ; Setting            ; Default Value      ;
+----------------------------------------------------------------------------+--------------------+--------------------+
; Device                                                                     ; 10M50DAF484C6GES   ;                    ;
; Top-level entity name                                                      ; ALU                ; HW3_1              ;
; Family name                                                                ; MAX 10             ; Cyclone V          ;
; Use smart compilation                                                      ; Off                ; Off                ;
; Enable parallel Assembler and TimeQuest Timing Analyzer during compilation ; On                 ; On                 ;
; Enable compact report table                                                ; Off                ; Off                ;
; Restructure Multiplexers                                                   ; Auto               ; Auto               ;
; Create Debugging Nodes for IP Cores                                        ; Off                ; Off                ;
; Preserve fewer node names                                                  ; On                 ; On                 ;
; OpenCore Plus hardware evaluation                                          ; Enable             ; Enable             ;
; Verilog Version                                                            ; Verilog_2001       ; Verilog_2001       ;
; VHDL Version                                                               ; VHDL_1993          ; VHDL_1993          ;
; State Machine Processing                                                   ; Auto               ; Auto               ;
; Safe State Machine                                                         ; Off                ; Off                ;
; Extract Verilog State Machines                                             ; On                 ; On                 ;
; Extract VHDL State Machines                                                ; On                 ; On                 ;
; Ignore Verilog initial constructs                                          ; Off                ; Off                ;
; Iteration limit for constant Verilog loops                                 ; 5000               ; 5000               ;
; Iteration limit for non-constant Verilog loops                             ; 250                ; 250                ;
; Add Pass-Through Logic to Inferred RAMs                                    ; On                 ; On                 ;
; Infer RAMs from Raw Logic                                                  ; On                 ; On                 ;
; Parallel Synthesis                                                         ; On                 ; On                 ;
; DSP Block Balancing                                                        ; Auto               ; Auto               ;
; NOT Gate Push-Back                                                         ; On                 ; On                 ;
; Power-Up Don't Care                                                        ; On                 ; On                 ;
; Remove Redundant Logic Cells                                               ; Off                ; Off                ;
; Remove Duplicate Registers                                                 ; On                 ; On                 ;
; Ignore CARRY Buffers                                                       ; Off                ; Off                ;
; Ignore CASCADE Buffers                                                     ; Off                ; Off                ;
; Ignore GLOBAL Buffers                                                      ; Off                ; Off                ;
; Ignore ROW GLOBAL Buffers                                                  ; Off                ; Off                ;
; Ignore LCELL Buffers                                                       ; Off                ; Off                ;
; Ignore SOFT Buffers                                                        ; On                 ; On                 ;
; Limit AHDL Integers to 32 Bits                                             ; Off                ; Off                ;
; Optimization Technique                                                     ; Balanced           ; Balanced           ;
; Carry Chain Length                                                         ; 70                 ; 70                 ;
; Auto Carry Chains                                                          ; On                 ; On                 ;
; Auto Open-Drain Pins                                                       ; On                 ; On                 ;
; Perform WYSIWYG Primitive Resynthesis                                      ; Off                ; Off                ;
; Auto ROM Replacement                                                       ; On                 ; On                 ;
; Auto RAM Replacement                                                       ; On                 ; On                 ;
; Auto DSP Block Replacement                                                 ; On                 ; On                 ;
; Auto Shift Register Replacement                                            ; Auto               ; Auto               ;
; Allow Shift Register Merging across Hierarchies                            ; Auto               ; Auto               ;
; Auto Clock Enable Replacement                                              ; On                 ; On                 ;
; Strict RAM Replacement                                                     ; Off                ; Off                ;
; Allow Synchronous Control Signals                                          ; On                 ; On                 ;
; Force Use of Synchronous Clear Signals                                     ; Off                ; Off                ;
; Auto RAM Block Balancing                                                   ; On                 ; On                 ;
; Auto RAM to Logic Cell Conversion                                          ; Off                ; Off                ;
; Auto Resource Sharing                                                      ; Off                ; Off                ;
; Allow Any RAM Size For Recognition                                         ; Off                ; Off                ;
; Allow Any ROM Size For Recognition                                         ; Off                ; Off                ;
; Allow Any Shift Register Size For Recognition                              ; Off                ; Off                ;
; Use LogicLock Constraints during Resource Balancing                        ; On                 ; On                 ;
; Ignore translate_off and synthesis_off directives                          ; Off                ; Off                ;
; Timing-Driven Synthesis                                                    ; On                 ; On                 ;
; Report Parameter Settings                                                  ; On                 ; On                 ;
; Report Source Assignments                                                  ; On                 ; On                 ;
; Report Connectivity Checks                                                 ; On                 ; On                 ;
; Ignore Maximum Fan-Out Assignments                                         ; Off                ; Off                ;
; Synchronization Register Chain Length                                      ; 2                  ; 2                  ;
; PowerPlay Power Optimization During Synthesis                              ; Normal compilation ; Normal compilation ;
; HDL message level                                                          ; Level2             ; Level2             ;
; Suppress Register Optimization Related Messages                            ; Off                ; Off                ;
; Number of Removed Registers Reported in Synthesis Report                   ; 5000               ; 5000               ;
; Number of Swept Nodes Reported in Synthesis Report                         ; 5000               ; 5000               ;
; Number of Inverted Registers Reported in Synthesis Report                  ; 100                ; 100                ;
; Clock MUX Protection                                                       ; On                 ; On                 ;
; Auto Gated Clock Conversion                                                ; Off                ; Off                ;
; Block Design Naming                                                        ; Auto               ; Auto               ;
; SDC constraint protection                                                  ; Off                ; Off                ;
; Synthesis Effort                                                           ; Auto               ; Auto               ;
; Shift Register Replacement - Allow Asynchronous Clear Signal               ; On                 ; On                 ;
; Pre-Mapping Resynthesis Optimization                                       ; Off                ; Off                ;
; Analysis & Synthesis Message Level                                         ; Medium             ; Medium             ;
; Disable Register Merging Across Hierarchies                                ; Auto               ; Auto               ;
; Resource Aware Inference For Block RAM                                     ; On                 ; On                 ;
+----------------------------------------------------------------------------+--------------------+--------------------+


+---------------------------------+
; Analysis & Elaboration Messages ;
+---------------------------------+
Info: *******************************************************************
Info: Running Quartus Prime Analysis & Elaboration
    Info: Version 17.0.0 Build 595 04/25/2017 SJ Lite Edition
    Info: Processing started: Fri Oct 28 17:08:26 2022
Info: Command: quartus_map --read_settings_files=on --write_settings_files=off HW3_1 -c HW3_1 --analysis_and_elaboration
Warning (18236): Number of processors has not been specified which may cause overloading on shared machines.  Set the global assignment NUM_PARALLEL_PROCESSORS in your QSF to an appropriate value for best performance.
Info (20030): Parallel compilation is enabled and will use 2 of the 2 processors detected
Info (12021): Found 1 design units, including 1 entities, in source file alu.v
    Info (12023): Found entity 1: ALU File: C:/Users/carib/CST133/HW3/ALU.v Line: 1
Info (12127): Elaborating entity "ALU" for the top level hierarchy
Warning (10235): Verilog HDL Always Construct warning at ALU.v(14): variable "a" is read inside the Always Construct but isn't in the Always Construct's Event Control File: C:/Users/carib/CST133/HW3/ALU.v Line: 14
Warning (10235): Verilog HDL Always Construct warning at ALU.v(14): variable "b" is read inside the Always Construct but isn't in the Always Construct's Event Control File: C:/Users/carib/CST133/HW3/ALU.v Line: 14
Warning (10235): Verilog HDL Always Construct warning at ALU.v(15): variable "b" is read inside the Always Construct but isn't in the Always Construct's Event Control File: C:/Users/carib/CST133/HW3/ALU.v Line: 15
Warning (10235): Verilog HDL Always Construct warning at ALU.v(15): variable "a" is read inside the Always Construct but isn't in the Always Construct's Event Control File: C:/Users/carib/CST133/HW3/ALU.v Line: 15
Warning (10235): Verilog HDL Always Construct warning at ALU.v(18): variable "a" is read inside the Always Construct but isn't in the Always Construct's Event Control File: C:/Users/carib/CST133/HW3/ALU.v Line: 18
Warning (10235): Verilog HDL Always Construct warning at ALU.v(19): variable "a" is read inside the Always Construct but isn't in the Always Construct's Event Control File: C:/Users/carib/CST133/HW3/ALU.v Line: 19
Warning (10235): Verilog HDL Always Construct warning at ALU.v(20): variable "a" is read inside the Always Construct but isn't in the Always Construct's Event Control File: C:/Users/carib/CST133/HW3/ALU.v Line: 20
Warning (10235): Verilog HDL Always Construct warning at ALU.v(21): variable "a" is read inside the Always Construct but isn't in the Always Construct's Event Control File: C:/Users/carib/CST133/HW3/ALU.v Line: 21
Warning (10235): Verilog HDL Always Construct warning at ALU.v(26): variable "a" is read inside the Always Construct but isn't in the Always Construct's Event Control File: C:/Users/carib/CST133/HW3/ALU.v Line: 26
Warning (10235): Verilog HDL Always Construct warning at ALU.v(27): variable "a" is read inside the Always Construct but isn't in the Always Construct's Event Control File: C:/Users/carib/CST133/HW3/ALU.v Line: 27
Warning (10235): Verilog HDL Always Construct warning at ALU.v(28): variable "a" is read inside the Always Construct but isn't in the Always Construct's Event Control File: C:/Users/carib/CST133/HW3/ALU.v Line: 28
Warning (10235): Verilog HDL Always Construct warning at ALU.v(29): variable "a" is read inside the Always Construct but isn't in the Always Construct's Event Control File: C:/Users/carib/CST133/HW3/ALU.v Line: 29
Warning (10235): Verilog HDL Always Construct warning at ALU.v(32): variable "a" is read inside the Always Construct but isn't in the Always Construct's Event Control File: C:/Users/carib/CST133/HW3/ALU.v Line: 32
Warning (10235): Verilog HDL Always Construct warning at ALU.v(32): variable "b" is read inside the Always Construct but isn't in the Always Construct's Event Control File: C:/Users/carib/CST133/HW3/ALU.v Line: 32
Warning (10235): Verilog HDL Always Construct warning at ALU.v(35): variable "a" is read inside the Always Construct but isn't in the Always Construct's Event Control File: C:/Users/carib/CST133/HW3/ALU.v Line: 35
Warning (10235): Verilog HDL Always Construct warning at ALU.v(35): variable "b" is read inside the Always Construct but isn't in the Always Construct's Event Control File: C:/Users/carib/CST133/HW3/ALU.v Line: 35
Warning (10230): Verilog HDL assignment warning at ALU.v(37): truncated value with size 32 to match size of target (6) File: C:/Users/carib/CST133/HW3/ALU.v Line: 37
Warning (10235): Verilog HDL Always Construct warning at ALU.v(40): variable "b" is read inside the Always Construct but isn't in the Always Construct's Event Control File: C:/Users/carib/CST133/HW3/ALU.v Line: 40
Warning (10235): Verilog HDL Always Construct warning at ALU.v(41): variable "b" is read inside the Always Construct but isn't in the Always Construct's Event Control File: C:/Users/carib/CST133/HW3/ALU.v Line: 41
Warning (10240): Verilog HDL Always Construct warning at ALU.v(10): inferring latch(es) for variable "a_temp", which holds its previous value in one or more paths through the always construct File: C:/Users/carib/CST133/HW3/ALU.v Line: 10
Info: Quartus Prime Analysis & Elaboration was successful. 0 errors, 21 warnings
    Info: Peak virtual memory: 4699 megabytes
    Info: Processing ended: Fri Oct 28 17:08:48 2022
    Info: Elapsed time: 00:00:22
    Info: Total CPU time (on all processors): 00:00:41


