#-----------------------------------------------------------
# xsim v2023.2 (64-bit)
# SW Build 4029153 on Fri Oct 13 20:14:34 MDT 2023
# IP Build 4028589 on Sat Oct 14 00:45:43 MDT 2023
# SharedData Build 4025554 on Tue Oct 10 17:18:54 MDT 2023
# Start of session at: Thu Mar 13 19:58:48 2025
# Process ID: 14012
# Current directory: C:/Users/carib/OneDrive/Desktop/CST456/FINAL/Q1/SIM
# Command line: xsim.exe -mode tcl -source {xsim.dir/duv_tb_snapshot/xsim_script.tcl}
# Log file: C:/Users/carib/OneDrive/Desktop/CST456/FINAL/Q1/SIM/xsim.log
# Journal file: C:/Users/carib/OneDrive/Desktop/CST456/FINAL/Q1/SIM\xsim.jou
# Running On: Matt_Dell_Taco, OS: Windows, CPU Frequency: 3072 MHz, CPU Physical cores: 16, Host memory: 33777 MB
#-----------------------------------------------------------
source xsim.dir/duv_tb_snapshot/xsim_script.tcl
# xsim {duv_tb_snapshot} -autoloadwcfg -runall
Time resolution is 1 ps
run -all
-------------------------
- [ Generator ] 
-------------------------
- a = 58, b = 196
- operation = 3
- out = 0
-------------------------
-------------------------
- [ Generator ] 
-------------------------
- a = 10, b = 181
- operation = 0
- out = 0
-------------------------
-------------------------
- [ Generator ] 
-------------------------
- a = 83, b = 169
- operation = 3
- out = 0
-------------------------
-------------------------
- [ Generator ] 
-------------------------
- a = 127, b = 87
- operation = 1
- out = 0
-------------------------
-------------------------
- [ Generator ] 
-------------------------
- a = 192, b = 55
- operation = 3
- out = 0
-------------------------
-------------------------
- [ Generator ] 
-------------------------
- a = 121, b = 215
- operation = 1
- out = 0
-------------------------
-------------------------
- [ Generator ] 
-------------------------
- a = 188, b = 12
- operation = 2
- out = 0
-------------------------
-------------------------
- [ Generator ] 
-------------------------
- a = 73, b = 78
- operation = 3
- out = 0
-------------------------
-------------------------
- [ Generator ] 
-------------------------
- a = 110, b = 152
- operation = 3
- out = 0
-------------------------
-------------------------
- [ Generator ] 
-------------------------
- a = 165, b = 89
- operation = 0
- out = 0
-------------------------
-------------------------
- [ Generator ] 
-------------------------
- a = 203, b = 219
- operation = 3
- out = 0
-------------------------
-------------------------
- [ Generator ] 
-------------------------
- a = 154, b = 56
- operation = 1
- out = 0
-------------------------
-------------------------
- [ Generator ] 
-------------------------
- a = 38, b = 82
- operation = 1
- out = 0
-------------------------
-------------------------
- [ Generator ] 
-------------------------
- a = 117, b = 194
- operation = 1
- out = 0
-------------------------
-------------------------
- [ Generator ] 
-------------------------
- a = 225, b = 178
- operation = 2
- out = 0
-------------------------
-------------------------
- [ Generator ] 
-------------------------
- a = 174, b = 21
- operation = 3
- out = 0
-------------------------
-------------------------
- [ Generator ] 
-------------------------
- a = 99, b = 121
- operation = 0
- out = 0
-------------------------
-------------------------
- [ Generator ] 
-------------------------
- a = 73, b = 58
- operation = 3
- out = 0
-------------------------
-------------------------
- [ Generator ] 
-------------------------
- a = 63, b = 107
- operation = 0
- out = 0
-------------------------
-------------------------
- [ Generator ] 
-------------------------
- a = 63, b = 122
- operation = 0
- out = 0
-------------------------
[DUT] op_start = 1 | opcode = 3, A = 58, B = 196, OUT = x
Result is as expected
    0
-------------------------
- [ Scoreboard ] 
-------------------------
- a = 58, b = 196
- operation = 3
- out = 0
-------------------------
-------------------------
- [ Driver ] 
-------------------------
- a = 58, b = 196
- operation = 3
- out = 0
-------------------------
-------------------------
- [ Monitor ] 
-------------------------
- a = 58, b = 196
- operation = 3
- out = 0
-------------------------
[DUT] op_start = 1 | opcode = 0, A = 10, B = 181, OUT = 0
Result is as expected
  191
-------------------------
- [ Scoreboard ] 
-------------------------
- a = 10, b = 181
- operation = 0
- out = 191
-------------------------
-------------------------
- [ Driver ] 
-------------------------
- a = 10, b = 181
- operation = 0
- out = 191
-------------------------
-------------------------
- [ Monitor ] 
-------------------------
- a = 10, b = 181
- operation = 0
- out = 191
-------------------------
[DUT] op_start = 1 | opcode = 3, A = 83, B = 169, OUT = 191
Result is as expected
    1
-------------------------
- [ Scoreboard ] 
-------------------------
- a = 83, b = 169
- operation = 3
- out = 1
-------------------------
-------------------------
- [ Driver ] 
-------------------------
- a = 83, b = 169
- operation = 3
- out = 1
-------------------------
-------------------------
- [ Monitor ] 
-------------------------
- a = 83, b = 169
- operation = 3
- out = 1
-------------------------
[DUT] op_start = 1 | opcode = 1, A = 127, B = 87, OUT = 1
Result is as expected
11049
-------------------------
- [ Scoreboard ] 
-------------------------
- a = 127, b = 87
- operation = 1
- out = 11049
-------------------------
-------------------------
- [ Driver ] 
-------------------------
- a = 127, b = 87
- operation = 1
- out = 11049
-------------------------
-------------------------
- [ Monitor ] 
-------------------------
- a = 127, b = 87
- operation = 1
- out = 11049
-------------------------
[DUT] op_start = 1 | opcode = 3, A = 192, B = 55, OUT = 11049
Result is as expected
    0
-------------------------
- [ Scoreboard ] 
-------------------------
- a = 192, b = 55
- operation = 3
- out = 0
-------------------------
-------------------------
- [ Driver ] 
-------------------------
- a = 192, b = 55
- operation = 3
- out = 0
-------------------------
-------------------------
- [ Monitor ] 
-------------------------
- a = 192, b = 55
- operation = 3
- out = 0
-------------------------
[DUT] op_start = 1 | opcode = 1, A = 121, B = 215, OUT = 0
Result is as expected
26015
-------------------------
- [ Scoreboard ] 
-------------------------
- a = 121, b = 215
- operation = 1
- out = 26015
-------------------------
-------------------------
- [ Driver ] 
-------------------------
- a = 121, b = 215
- operation = 1
- out = 26015
-------------------------
-------------------------
- [ Monitor ] 
-------------------------
- a = 121, b = 215
- operation = 1
- out = 26015
-------------------------
[DUT] op_start = 1 | opcode = 2, A = 188, B = 12, OUT = 26015
Result is as expected
  188
-------------------------
- [ Scoreboard ] 
-------------------------
- a = 188, b = 12
- operation = 2
- out = 188
-------------------------
-------------------------
- [ Driver ] 
-------------------------
- a = 188, b = 12
- operation = 2
- out = 188
-------------------------
-------------------------
- [ Monitor ] 
-------------------------
- a = 188, b = 12
- operation = 2
- out = 188
-------------------------
[DUT] op_start = 1 | opcode = 3, A = 73, B = 78, OUT = 188
Result is as expected
   72
-------------------------
- [ Scoreboard ] 
-------------------------
- a = 73, b = 78
- operation = 3
- out = 72
-------------------------
-------------------------
- [ Driver ] 
-------------------------
- a = 73, b = 78
- operation = 3
- out = 72
-------------------------
-------------------------
- [ Monitor ] 
-------------------------
- a = 73, b = 78
- operation = 3
- out = 72
-------------------------
[DUT] op_start = 1 | opcode = 3, A = 110, B = 152, OUT = 72
Result is as expected
    8
-------------------------
- [ Scoreboard ] 
-------------------------
- a = 110, b = 152
- operation = 3
- out = 8
-------------------------
-------------------------
- [ Driver ] 
-------------------------
- a = 110, b = 152
- operation = 3
- out = 8
-------------------------
-------------------------
- [ Monitor ] 
-------------------------
- a = 110, b = 152
- operation = 3
- out = 8
-------------------------
[DUT] op_start = 1 | opcode = 0, A = 165, B = 89, OUT = 8
Result is as expected
  254
-------------------------
- [ Scoreboard ] 
-------------------------
- a = 165, b = 89
- operation = 0
- out = 254
-------------------------
-------------------------
- [ Driver ] 
-------------------------
- a = 165, b = 89
- operation = 0
- out = 254
-------------------------
-------------------------
- [ Monitor ] 
-------------------------
- a = 165, b = 89
- operation = 0
- out = 254
-------------------------
[DUT] op_start = 1 | opcode = 3, A = 203, B = 219, OUT = 254
Result is as expected
  203
-------------------------
- [ Scoreboard ] 
-------------------------
- a = 203, b = 219
- operation = 3
- out = 203
-------------------------
-------------------------
- [ Driver ] 
-------------------------
- a = 203, b = 219
- operation = 3
- out = 203
-------------------------
-------------------------
- [ Monitor ] 
-------------------------
- a = 203, b = 219
- operation = 3
- out = 203
-------------------------
[DUT] op_start = 1 | opcode = 1, A = 154, B = 56, OUT = 203
Result is as expected
 8624
-------------------------
- [ Scoreboard ] 
-------------------------
- a = 154, b = 56
- operation = 1
- out = 8624
-------------------------
-------------------------
- [ Driver ] 
-------------------------
- a = 154, b = 56
- operation = 1
- out = 8624
-------------------------
-------------------------
- [ Monitor ] 
-------------------------
- a = 154, b = 56
- operation = 1
- out = 8624
-------------------------
[DUT] op_start = 1 | opcode = 1, A = 38, B = 82, OUT = 8624
Result is as expected
 3116
-------------------------
- [ Scoreboard ] 
-------------------------
- a = 38, b = 82
- operation = 1
- out = 3116
-------------------------
-------------------------
- [ Driver ] 
-------------------------
- a = 38, b = 82
- operation = 1
- out = 3116
-------------------------
-------------------------
- [ Monitor ] 
-------------------------
- a = 38, b = 82
- operation = 1
- out = 3116
-------------------------
[DUT] op_start = 1 | opcode = 1, A = 117, B = 194, OUT = 3116
Result is as expected
22698
-------------------------
- [ Scoreboard ] 
-------------------------
- a = 117, b = 194
- operation = 1
- out = 22698
-------------------------
-------------------------
- [ Driver ] 
-------------------------
- a = 117, b = 194
- operation = 1
- out = 22698
-------------------------
-------------------------
- [ Monitor ] 
-------------------------
- a = 117, b = 194
- operation = 1
- out = 22698
-------------------------
[DUT] op_start = 1 | opcode = 2, A = 225, B = 178, OUT = 22698
Result is as expected
  243
-------------------------
- [ Scoreboard ] 
-------------------------
- a = 225, b = 178
- operation = 2
- out = 243
-------------------------
-------------------------
- [ Driver ] 
-------------------------
- a = 225, b = 178
- operation = 2
- out = 243
-------------------------
-------------------------
- [ Monitor ] 
-------------------------
- a = 225, b = 178
- operation = 2
- out = 243
-------------------------
[DUT] op_start = 1 | opcode = 3, A = 174, B = 21, OUT = 243
Result is as expected
    4
-------------------------
- [ Scoreboard ] 
-------------------------
- a = 174, b = 21
- operation = 3
- out = 4
-------------------------
-------------------------
- [ Driver ] 
-------------------------
- a = 174, b = 21
- operation = 3
- out = 4
-------------------------
-------------------------
- [ Monitor ] 
-------------------------
- a = 174, b = 21
- operation = 3
- out = 4
-------------------------
[DUT] op_start = 1 | opcode = 0, A = 99, B = 121, OUT = 4
Result is as expected
  220
-------------------------
- [ Scoreboard ] 
-------------------------
- a = 99, b = 121
- operation = 0
- out = 220
-------------------------
-------------------------
- [ Driver ] 
-------------------------
- a = 99, b = 121
- operation = 0
- out = 220
-------------------------
-------------------------
- [ Monitor ] 
-------------------------
- a = 99, b = 121
- operation = 0
- out = 220
-------------------------
[DUT] op_start = 1 | opcode = 3, A = 73, B = 58, OUT = 220
Result is as expected
    8
-------------------------
- [ Scoreboard ] 
-------------------------
- a = 73, b = 58
- operation = 3
- out = 8
-------------------------
-------------------------
- [ Driver ] 
-------------------------
- a = 73, b = 58
- operation = 3
- out = 8
-------------------------
-------------------------
- [ Monitor ] 
-------------------------
- a = 73, b = 58
- operation = 3
- out = 8
-------------------------
[DUT] op_start = 1 | opcode = 0, A = 63, B = 107, OUT = 8
Result is as expected
  170
-------------------------
- [ Scoreboard ] 
-------------------------
- a = 63, b = 107
- operation = 0
- out = 170
-------------------------
-------------------------
- [ Driver ] 
-------------------------
- a = 63, b = 107
- operation = 0
- out = 170
-------------------------
-------------------------
- [ Monitor ] 
-------------------------
- a = 63, b = 107
- operation = 0
- out = 170
-------------------------
[DUT] op_start = 1 | opcode = 0, A = 63, B = 122, OUT = 170
Result is as expected
  185
-------------------------
- [ Scoreboard ] 
-------------------------
- a = 63, b = 122
- operation = 0
- out = 185
-------------------------
-------------------------
- [ Driver ] 
-------------------------
- a = 63, b = 122
- operation = 0
- out = 185
-------------------------
-------------------------
- [ Monitor ] 
-------------------------
- a = 63, b = 122
- operation = 0
- out = 185
-------------------------
$finish called at time : 595 ns : File "C:/Users/carib/OneDrive/Desktop/CST456/FINAL/Q1/SRC/environment.sv" Line 59
exit
INFO: [Common 17-206] Exiting xsim at Thu Mar 13 19:58:51 2025...
